<?xml version="1.0" encoding="UTF-8"?>
<!-- Generated by org.testng.reporters.JUnitReportReporter -->
<testsuite skipped="5" hostname="MONO-HYD-LAP-41" name="com.runner.test.TestEvents" tests="6" failures="0" timestamp="17 May 2019 12:07:32 GMT" time="165.372" errors="1">
  <testcase name="connectESBDatabaseTest" time="165.372" classname="com.runner.test.TestEvents">
    <error type="java.lang.OutOfMemoryError" message="Java heap space">
      <![CDATA[java.lang.OutOfMemoryError: Java heap space
at java.util.Arrays.copyOf(Arrays.java:3332)
at java.lang.AbstractStringBuilder.ensureCapacityInternal(AbstractStringBuilder.java:124)
at java.lang.AbstractStringBuilder.append(AbstractStringBuilder.java:448)
at java.lang.StringBuilder.append(StringBuilder.java:136)
at java.lang.StringBuilder.append(StringBuilder.java:131)
at java.util.AbstractCollection.toString(AbstractCollection.java:462)
at com.cmstestbase.test.CMSTestBase.ConnectToESBDatabase(CMSTestBase.java:471)
at com.cmstestbase.test.CMSTestBase.ConnectDBandExecuteESBQuery(CMSTestBase.java:331)
at com.utils.test.Utility.connectToEsbDatabase(Utility.java:19)
at com.runner.test.TestEvents.connectESBDatabaseTest(TestEvents.java:23)
at sun.reflect.NativeMethodAccessorImpl.invoke0(Native Method)
at sun.reflect.NativeMethodAccessorImpl.invoke(NativeMethodAccessorImpl.java:62)
at sun.reflect.DelegatingMethodAccessorImpl.invoke(DelegatingMethodAccessorImpl.java:43)
at java.lang.reflect.Method.invoke(Method.java:498)
at org.testng.internal.MethodInvocationHelper.invokeMethod(MethodInvocationHelper.java:124)
at org.testng.internal.MethodInvocationHelper.invokeMethodConsideringTimeout(MethodInvocationHelper.java:59)
at org.testng.internal.Invoker.invokeConfigurationMethod(Invoker.java:458)
at org.testng.internal.Invoker.invokeConfigurations(Invoker.java:222)
at org.testng.internal.Invoker.invokeConfigurations(Invoker.java:142)
at org.testng.TestRunner.beforeRun(TestRunner.java:529)
at org.testng.TestRunner.run(TestRunner.java:497)
at org.testng.SuiteRunner.runTest(SuiteRunner.java:455)
at org.testng.SuiteRunner.runSequentially(SuiteRunner.java:450)
at org.testng.SuiteRunner.privateRun(SuiteRunner.java:415)
at org.testng.SuiteRunner.run(SuiteRunner.java:364)
at org.testng.SuiteRunnerWorker.runSuite(SuiteRunnerWorker.java:52)
at org.testng.SuiteRunnerWorker.run(SuiteRunnerWorker.java:84)
at org.testng.TestNG.runSuitesSequentially(TestNG.java:1208)
at org.testng.TestNG.runSuitesLocally(TestNG.java:1137)
at org.testng.TestNG.runSuites(TestNG.java:1049)
at org.testng.TestNG.run(TestNG.java:1017)
at org.apache.maven.surefire.testng.TestNGExecutor.run(TestNGExecutor.java:178)
]]>
    </error>
  </testcase> <!-- connectESBDatabaseTest -->
  <testcase name="WOPHierarchyValidationTest" time="0.000" classname="com.runner.test.TestEvents">
    <skipped/>
  </testcase> <!-- WOPHierarchyValidationTest -->
  <testcase name="MPHierarchyValidationTest" time="0.000" classname="com.runner.test.TestEvents">
    <skipped/>
  </testcase> <!-- MPHierarchyValidationTest -->
  <testcase name="MediatorHierarchyValidationTest" time="0.000" classname="com.runner.test.TestEvents">
    <skipped/>
  </testcase> <!-- MediatorHierarchyValidationTest -->
  <testcase name="CMSNVFieldValidationsWithWOPTest" time="0.000" classname="com.runner.test.TestEvents">
    <skipped/>
  </testcase> <!-- CMSNVFieldValidationsWithWOPTest -->
  <testcase name="CMSNVFieldValidationsWithMPTest" time="0.000" classname="com.runner.test.TestEvents">
    <skipped/>
  </testcase> <!-- CMSNVFieldValidationsWithMPTest -->
</testsuite> <!-- com.runner.test.TestEvents -->
