<?xml version="1.0" encoding="UTF-8"?>
<!-- Generated by org.testng.reporters.JUnitReportReporter -->
<testsuite hostname="MONO-HYD-LAP-41" name="com.runner.test.TestEvents" tests="3" failures="0" timestamp="7 May 2019 07:40:56 GMT" time="0.032" errors="0">
  <testcase name="MPHierarchyCreationTest" time="0.016" classname="com.runner.test.TestEvents"/>
  <testcase name="MediatorHierarchyCreationTest" time="0.000" classname="com.runner.test.TestEvents"/>
  <testcase name="WOPHierarchyCreationTest" time="0.016" classname="com.runner.test.TestEvents"/>
</testsuite> <!-- com.runner.test.TestEvents -->
