<?xml version="1.0" encoding="UTF-8"?>
<!-- Generated by org.testng.reporters.JUnitReportReporter -->
<testsuite skipped="0" hostname="MONO-HYD-LAP-41" name="com.runner.test.TestEvents" tests="5" failures="0" timestamp="18 May 2019 15:27:06 GMT" time="6.523" errors="0">
  <testcase name="WOPHierarchyValidationTest" time="0.016" classname="com.runner.test.TestEvents"/>
  <testcase name="MPHierarchyValidationTest" time="0.006" classname="com.runner.test.TestEvents"/>
  <testcase name="MediatorHierarchyValidationTest" time="0.000" classname="com.runner.test.TestEvents"/>
  <testcase name="CMSNVFieldValidationsWithWOPTest" time="5.135" classname="com.runner.test.TestEvents"/>
  <testcase name="CMSNVFieldValidationsWithMPTest" time="1.366" classname="com.runner.test.TestEvents"/>
</testsuite> <!-- com.runner.test.TestEvents -->
