<?xml version="1.0" encoding="UTF-8" ?>
<testsuite tests="3" failures="0" name="TestSuite" time="18.418" errors="0" skipped="0">
  <properties>
    <property name="java.runtime.name" value="Java(TM) SE Runtime Environment"/>
    <property name="sun.boot.library.path" value="C:\Program Files\Java\jdk1.8.0_191\jre\bin"/>
    <property name="java.vm.version" value="25.191-b12"/>
    <property name="java.vm.vendor" value="Oracle Corporation"/>
    <property name="java.vendor.url" value="http://java.oracle.com/"/>
    <property name="path.separator" value=";"/>
    <property name="java.vm.name" value="Java HotSpot(TM) 64-Bit Server VM"/>
    <property name="file.encoding.pkg" value="sun.io"/>
    <property name="user.script" value=""/>
    <property name="user.country" value="IN"/>
    <property name="sun.java.launcher" value="SUN_STANDARD"/>
    <property name="sun.os.patch.level" value=""/>
    <property name="java.vm.specification.name" value="Java Virtual Machine Specification"/>
    <property name="user.dir" value="C:\Users\chaitanya\eclipse-workspace\com.amccms.test"/>
    <property name="java.runtime.version" value="1.8.0_191-b12"/>
    <property name="java.awt.graphicsenv" value="sun.awt.Win32GraphicsEnvironment"/>
    <property name="basedir" value="C:\Users\chaitanya\eclipse-workspace\com.amccms.test"/>
    <property name="java.endorsed.dirs" value="C:\Program Files\Java\jdk1.8.0_191\jre\lib\endorsed"/>
    <property name="os.arch" value="amd64"/>
    <property name="surefire.real.class.path" value="C:\Users\CHAITA~1\AppData\Local\Temp\surefirebooter6759285487515790014.jar;C:\Users\chaitanya\.m2\repository/org/aspectj/aspectjweaver/1.8.5/aspectjweaver-1.8.5.jar"/>
    <property name="java.io.tmpdir" value="C:\Users\CHAITA~1\AppData\Local\Temp\"/>
    <property name="line.separator" value="
"/>
    <property name="java.vm.specification.vendor" value="Oracle Corporation"/>
    <property name="user.variant" value=""/>
    <property name="os.name" value="Windows 10"/>
    <property name="sun.jnu.encoding" value="Cp1252"/>
    <property name="java.library.path" value="C:\Program Files\Java\jdk1.8.0_191\jre\bin;C:\Windows\Sun\Java\bin;C:\Windows\system32;C:\Windows;C:/Program Files/Java/jre1.8.0_191/bin/server;C:/Program Files/Java/jre1.8.0_191/bin;C:/Program Files/Java/jre1.8.0_191/lib/amd64;C:\Program Files (x86)\Common Files\Oracle\Java\javapath;C:\Program Files (x86)\Intel\Intel(R) Management Engine Components\iCLS\;C:\Program Files\Intel\Intel(R) Management Engine Components\iCLS\;C:\Windows\system32;C:\Windows;C:\Windows\System32\Wbem;C:\Windows\System32\WindowsPowerShell\v1.0\;C:\Windows\System32\OpenSSH\;C:\Program Files (x86)\Intel\Intel(R) Management Engine Components\DAL;C:\Program Files\Intel\Intel(R) Management Engine Components\DAL;C:\Program Files (x86)\Intel\Intel(R) Management Engine Components\IPT;C:\Program Files\Intel\Intel(R) Management Engine Components\IPT;C:\Program Files\Java\jdk1.8.0_191\bin;C:\Program Files\Java\jre1.8.0_191\bin;D:\AutomationPrerequisites\apache-maven-3.5.4-bin\apache-maven-3.5.4\bin;C:\Program Files\Git\cmd;C:\Program Files (x86)\Microsoft SQL Server\Client SDK\ODBC\130\Tools\Binn\;C:\Program Files (x86)\Microsoft SQL Server\140\Tools\Binn\;C:\Program Files (x86)\Microsoft SQL Server\140\DTS\Binn\;C:\Program Files (x86)\Microsoft SQL Server\140\Tools\Binn\ManagementStudio\;C:\Users\chaitanya\AppData\Local\Microsoft\WindowsApps;;D:\AMC\Eclipse\eclipse;;."/>
    <property name="surefire.test.class.path" value="C:\Users\chaitanya\eclipse-workspace\com.amccms.test\target\test-classes;C:\Users\chaitanya\eclipse-workspace\com.amccms.test\target\classes;C:\Users\chaitanya\.m2\repository\org\apache\httpcomponents\httpclient\4.5.3\httpclient-4.5.3.jar;C:\Users\chaitanya\.m2\repository\commons-logging\commons-logging\1.2\commons-logging-1.2.jar;C:\Users\chaitanya\.m2\repository\commons-codec\commons-codec\1.9\commons-codec-1.9.jar;C:\Users\chaitanya\.m2\repository\pmd\pmd\4.2.4\pmd-4.2.4.jar;C:\Users\chaitanya\.m2\repository\ant\ant\1.6\ant-1.6.jar;C:\Users\chaitanya\.m2\repository\jaxen\jaxen\1.1.1\jaxen-1.1.1.jar;C:\Users\chaitanya\.m2\repository\dom4j\dom4j\1.6.1\dom4j-1.6.1.jar;C:\Users\chaitanya\.m2\repository\jdom\jdom\1.0\jdom-1.0.jar;C:\Users\chaitanya\.m2\repository\xml-apis\xml-apis\1.3.02\xml-apis-1.3.02.jar;C:\Users\chaitanya\.m2\repository\xerces\xercesImpl\2.6.2\xercesImpl-2.6.2.jar;C:\Users\chaitanya\.m2\repository\xom\xom\1.0\xom-1.0.jar;C:\Users\chaitanya\.m2\repository\xerces\xmlParserAPIs\2.6.2\xmlParserAPIs-2.6.2.jar;C:\Users\chaitanya\.m2\repository\xalan\xalan\2.6.0\xalan-2.6.0.jar;C:\Users\chaitanya\.m2\repository\com\ibm\icu\icu4j\2.6.1\icu4j-2.6.1.jar;C:\Users\chaitanya\.m2\repository\asm\asm\3.1\asm-3.1.jar;C:\Users\chaitanya\.m2\repository\junit\junit\4.4\junit-4.4.jar;C:\Users\chaitanya\.m2\repository\org\slf4j\slf4j-api\1.8.0-beta2\slf4j-api-1.8.0-beta2.jar;C:\Users\chaitanya\.m2\repository\org\slf4j\slf4j-jdk14\1.8.0-beta2\slf4j-jdk14-1.8.0-beta2.jar;C:\Users\chaitanya\.m2\repository\oracle\ojdbc6\11.2.0.3\ojdbc6-11.2.0.3.jar;C:\Users\chaitanya\.m2\repository\com\sikulix\sikulixapi\1.1.2\sikulixapi-1.1.2.jar;C:\Users\chaitanya\.m2\repository\commons-cli\commons-cli\1.2\commons-cli-1.2.jar;C:\Users\chaitanya\.m2\repository\org\apache\commons\commons-exec\1.3\commons-exec-1.3.jar;C:\Users\chaitanya\.m2\repository\commons-net\commons-net\3.4\commons-net-3.4.jar;C:\Users\chaitanya\.m2\repository\com\github\tulskiy\jkeymaster\1.2\jkeymaster-1.2.jar;C:\Users\chaitanya\.m2\repository\net\java\dev\jna\jna\4.2.1\jna-4.2.1.jar;C:\Users\chaitanya\.m2\repository\org\slf4j\slf4j-nop\1.7.25\slf4j-nop-1.7.25.jar;C:\Users\chaitanya\.m2\repository\com\melloware\jintellitype\1.3.7\jintellitype-1.3.7.jar;C:\Users\chaitanya\.m2\repository\com\nativelibs4java\bridj\0.7.0\bridj-0.7.0.jar;C:\Users\chaitanya\.m2\repository\com\google\android\tools\dx\1.7\dx-1.7.jar;C:\Users\chaitanya\.m2\repository\com\sikulix\sikulixlibswin\1.1.1\sikulixlibswin-1.1.1.jar;C:\Users\chaitanya\.m2\repository\com\sikulix\sikulix2tigervnc\2.0.0-SNAPSHOT\sikulix2tigervnc-2.0.0-SNAPSHOT.jar;C:\Users\chaitanya\.m2\repository\com\microsoft\sqlserver\mssql-jdbc\7.2.1.jre8\mssql-jdbc-7.2.1.jre8.jar;C:\Users\chaitanya\.m2\repository\mysql\mysql-connector-java\8.0.15\mysql-connector-java-8.0.15.jar;C:\Users\chaitanya\.m2\repository\com\google\protobuf\protobuf-java\3.6.1\protobuf-java-3.6.1.jar;C:\Users\chaitanya\.m2\repository\org\springframework\spring-jms\4.3.2.RELEASE\spring-jms-4.3.2.RELEASE.jar;C:\Users\chaitanya\.m2\repository\org\springframework\spring-aop\4.3.2.RELEASE\spring-aop-4.3.2.RELEASE.jar;C:\Users\chaitanya\.m2\repository\org\springframework\spring-beans\4.3.2.RELEASE\spring-beans-4.3.2.RELEASE.jar;C:\Users\chaitanya\.m2\repository\org\springframework\spring-context\4.3.2.RELEASE\spring-context-4.3.2.RELEASE.jar;C:\Users\chaitanya\.m2\repository\org\springframework\spring-expression\4.3.2.RELEASE\spring-expression-4.3.2.RELEASE.jar;C:\Users\chaitanya\.m2\repository\org\springframework\spring-core\4.3.2.RELEASE\spring-core-4.3.2.RELEASE.jar;C:\Users\chaitanya\.m2\repository\org\springframework\spring-messaging\4.3.2.RELEASE\spring-messaging-4.3.2.RELEASE.jar;C:\Users\chaitanya\.m2\repository\org\springframework\spring-tx\4.3.2.RELEASE\spring-tx-4.3.2.RELEASE.jar;C:\Users\chaitanya\.m2\repository\org\apache\activemq\activemq-spring\5.14.0\activemq-spring-5.14.0.jar;C:\Users\chaitanya\.m2\repository\org\apache\xbean\xbean-spring\3.18\xbean-spring-3.18.jar;C:\Users\chaitanya\.m2\repository\org\apache\activemq\activemq-pool\5.14.0\activemq-pool-5.14.0.jar;C:\Users\chaitanya\.m2\repository\org\apache\activemq\activemq-jms-pool\5.14.0\activemq-jms-pool-5.14.0.jar;C:\Users\chaitanya\.m2\repository\org\apache\geronimo\specs\geronimo-jta_1.0.1B_spec\1.0.1\geronimo-jta_1.0.1B_spec-1.0.1.jar;C:\Users\chaitanya\.m2\repository\org\apache\commons\commons-pool2\2.4.2\commons-pool2-2.4.2.jar;C:\Users\chaitanya\.m2\repository\org\apache\activemq\activemq-all\5.14.5\activemq-all-5.14.5.jar;C:\Users\chaitanya\.m2\repository\org\jsoup\jsoup\1.11.3\jsoup-1.11.3.jar;C:\Users\chaitanya\.m2\repository\org\apache\poi\poi\3.17\poi-3.17.jar;C:\Users\chaitanya\.m2\repository\org\apache\commons\commons-collections4\4.1\commons-collections4-4.1.jar;C:\Users\chaitanya\.m2\repository\org\apache\activemq\activemq-broker\5.15.3\activemq-broker-5.15.3.jar;C:\Users\chaitanya\.m2\repository\org\apache\activemq\activemq-client\5.15.3\activemq-client-5.15.3.jar;C:\Users\chaitanya\.m2\repository\org\apache\geronimo\specs\geronimo-jms_1.1_spec\1.1.1\geronimo-jms_1.1_spec-1.1.1.jar;C:\Users\chaitanya\.m2\repository\org\fusesource\hawtbuf\hawtbuf\1.11\hawtbuf-1.11.jar;C:\Users\chaitanya\.m2\repository\org\apache\geronimo\specs\geronimo-j2ee-management_1.1_spec\1.0.1\geronimo-j2ee-management_1.1_spec-1.0.1.jar;C:\Users\chaitanya\.m2\repository\org\apache\activemq\activemq-openwire-legacy\5.15.3\activemq-openwire-legacy-5.15.3.jar;C:\Users\chaitanya\.m2\repository\org\seleniumhq\selenium\selenium-server\2.53.0\selenium-server-2.53.0.jar;C:\Users\chaitanya\.m2\repository\com\beust\jcommander\1.48\jcommander-1.48.jar;C:\Users\chaitanya\.m2\repository\org\bouncycastle\bcprov-jdk15on\1.48\bcprov-jdk15on-1.48.jar;C:\Users\chaitanya\.m2\repository\org\bouncycastle\bcpkix-jdk15on\1.48\bcpkix-jdk15on-1.48.jar;C:\Users\chaitanya\.m2\repository\mx4j\mx4j-tools\3.0.1\mx4j-tools-3.0.1.jar;C:\Users\chaitanya\.m2\repository\org\seleniumhq\selenium\jetty-repacked\9.2.13.v20150730\jetty-repacked-9.2.13.v20150730.jar;C:\Users\chaitanya\.m2\repository\javax\servlet\javax.servlet-api\3.1.0\javax.servlet-api-3.1.0.jar;C:\Users\chaitanya\.m2\repository\org\seleniumhq\selenium\jetty-rc-repacked\5\jetty-rc-repacked-5.jar;C:\Users\chaitanya\.m2\repository\net\jcip\jcip-annotations\1.0\jcip-annotations-1.0.jar;C:\Users\chaitanya\.m2\repository\org\yaml\snakeyaml\1.8\snakeyaml-1.8.jar;C:\Users\chaitanya\.m2\repository\org\seleniumhq\selenium\selenium-java\3.7.1\selenium-java-3.7.1.jar;C:\Users\chaitanya\.m2\repository\org\seleniumhq\selenium\selenium-api\3.7.1\selenium-api-3.7.1.jar;C:\Users\chaitanya\.m2\repository\org\seleniumhq\selenium\selenium-chrome-driver\3.7.1\selenium-chrome-driver-3.7.1.jar;C:\Users\chaitanya\.m2\repository\org\seleniumhq\selenium\selenium-edge-driver\3.7.1\selenium-edge-driver-3.7.1.jar;C:\Users\chaitanya\.m2\repository\org\seleniumhq\selenium\selenium-firefox-driver\3.7.1\selenium-firefox-driver-3.7.1.jar;C:\Users\chaitanya\.m2\repository\org\seleniumhq\selenium\selenium-ie-driver\3.7.1\selenium-ie-driver-3.7.1.jar;C:\Users\chaitanya\.m2\repository\org\seleniumhq\selenium\selenium-opera-driver\3.7.1\selenium-opera-driver-3.7.1.jar;C:\Users\chaitanya\.m2\repository\org\seleniumhq\selenium\selenium-remote-driver\3.7.1\selenium-remote-driver-3.7.1.jar;C:\Users\chaitanya\.m2\repository\org\seleniumhq\selenium\selenium-safari-driver\3.7.1\selenium-safari-driver-3.7.1.jar;C:\Users\chaitanya\.m2\repository\org\seleniumhq\selenium\selenium-support\3.7.1\selenium-support-3.7.1.jar;C:\Users\chaitanya\.m2\repository\net\bytebuddy\byte-buddy\1.7.5\byte-buddy-1.7.5.jar;C:\Users\chaitanya\.m2\repository\com\google\code\gson\gson\2.8.2\gson-2.8.2.jar;C:\Users\chaitanya\.m2\repository\javax\jms\javax.jms-api\2.0\javax.jms-api-2.0.jar;C:\Users\chaitanya\.m2\repository\com\google\guava\guava\23.6-jre\guava-23.6-jre.jar;C:\Users\chaitanya\.m2\repository\com\google\code\findbugs\jsr305\1.3.9\jsr305-1.3.9.jar;C:\Users\chaitanya\.m2\repository\org\checkerframework\checker-compat-qual\2.0.0\checker-compat-qual-2.0.0.jar;C:\Users\chaitanya\.m2\repository\com\google\errorprone\error_prone_annotations\2.1.3\error_prone_annotations-2.1.3.jar;C:\Users\chaitanya\.m2\repository\com\google\j2objc\j2objc-annotations\1.1\j2objc-annotations-1.1.jar;C:\Users\chaitanya\.m2\repository\org\codehaus\mojo\animal-sniffer-annotations\1.14\animal-sniffer-annotations-1.14.jar;C:\Users\chaitanya\.m2\repository\org\apache\httpcomponents\httpcore\4.4.8\httpcore-4.4.8.jar;C:\Users\chaitanya\.m2\repository\org\apache\poi\poi-ooxml\3.17\poi-ooxml-3.17.jar;C:\Users\chaitanya\.m2\repository\org\apache\poi\poi-ooxml-schemas\3.17\poi-ooxml-schemas-3.17.jar;C:\Users\chaitanya\.m2\repository\org\apache\xmlbeans\xmlbeans\2.6.0\xmlbeans-2.6.0.jar;C:\Users\chaitanya\.m2\repository\stax\stax-api\1.0.1\stax-api-1.0.1.jar;C:\Users\chaitanya\.m2\repository\com\github\virtuald\curvesapi\1.04\curvesapi-1.04.jar;C:\Users\chaitanya\.m2\repository\org\apache\pdfbox\pdfbox\2.0.9\pdfbox-2.0.9.jar;C:\Users\chaitanya\.m2\repository\org\apache\pdfbox\fontbox\2.0.9\fontbox-2.0.9.jar;C:\Users\chaitanya\.m2\repository\org\json\json\20180130\json-20180130.jar;C:\Users\chaitanya\.m2\repository\com\googlecode\json-simple\json-simple\1.1.1\json-simple-1.1.1.jar;C:\Users\chaitanya\.m2\repository\com\fasterxml\jackson\core\jackson-databind\2.9.5\jackson-databind-2.9.5.jar;C:\Users\chaitanya\.m2\repository\com\fasterxml\jackson\core\jackson-annotations\2.9.0\jackson-annotations-2.9.0.jar;C:\Users\chaitanya\.m2\repository\com\fasterxml\jackson\core\jackson-core\2.9.5\jackson-core-2.9.5.jar;C:\Users\chaitanya\.m2\repository\org\skyscreamer\jsonassert\1.2.3\jsonassert-1.2.3.jar;C:\Users\chaitanya\.m2\repository\org\testng\testng\6.9.4\testng-6.9.4.jar;C:\Users\chaitanya\.m2\repository\org\beanshell\bsh\2.0b4\bsh-2.0b4.jar;C:\Users\chaitanya\.m2\repository\ru\yandex\qatools\allure\allure-testng-adaptor\1.4.16\allure-testng-adaptor-1.4.16.jar;C:\Users\chaitanya\.m2\repository\ru\yandex\qatools\allure\allure-java-aspects\1.4.16\allure-java-aspects-1.4.16.jar;C:\Users\chaitanya\.m2\repository\ru\yandex\qatools\allure\allure-java-adaptor-api\1.4.16\allure-java-adaptor-api-1.4.16.jar;C:\Users\chaitanya\.m2\repository\ru\yandex\qatools\allure\allure-java-annotations\1.4.16\allure-java-annotations-1.4.16.jar;C:\Users\chaitanya\.m2\repository\ru\yandex\qatools\allure\allure-model\1.4.16\allure-model-1.4.16.jar;C:\Users\chaitanya\.m2\repository\org\jvnet\jaxb2_commons\jaxb2-basics-runtime\0.9.3\jaxb2-basics-runtime-0.9.3.jar;C:\Users\chaitanya\.m2\repository\ru\yandex\qatools\properties\properties-loader\1.5\properties-loader-1.5.jar;C:\Users\chaitanya\.m2\repository\commons-beanutils\commons-beanutils-core\1.8.3\commons-beanutils-core-1.8.3.jar;C:\Users\chaitanya\.m2\repository\org\apache\tika\tika-core\1.7\tika-core-1.7.jar;C:\Users\chaitanya\.m2\repository\org\aspectj\aspectjrt\1.8.3\aspectjrt-1.8.3.jar;C:\Users\chaitanya\.m2\repository\org\aspectj\aspectjweaver\1.8.5\aspectjweaver-1.8.5.jar;"/>
    <property name="sun.awt.enableExtraMouseButtons" value="true"/>
    <property name="java.specification.name" value="Java Platform API Specification"/>
    <property name="java.class.version" value="52.0"/>
    <property name="sun.management.compiler" value="HotSpot 64-Bit Tiered Compilers"/>
    <property name="os.version" value="10.0"/>
    <property name="user.home" value="C:\Users\chaitanya"/>
    <property name="user.timezone" value="Asia/Calcutta"/>
    <property name="java.awt.printerjob" value="sun.awt.windows.WPrinterJob"/>
    <property name="java.specification.version" value="1.8"/>
    <property name="file.encoding" value="Cp1252"/>
    <property name="user.name" value="chaitanya"/>
    <property name="java.class.path" value="C:\Users\chaitanya\eclipse-workspace\com.amccms.test\target\test-classes;C:\Users\chaitanya\eclipse-workspace\com.amccms.test\target\classes;C:\Users\chaitanya\.m2\repository\org\apache\httpcomponents\httpclient\4.5.3\httpclient-4.5.3.jar;C:\Users\chaitanya\.m2\repository\commons-logging\commons-logging\1.2\commons-logging-1.2.jar;C:\Users\chaitanya\.m2\repository\commons-codec\commons-codec\1.9\commons-codec-1.9.jar;C:\Users\chaitanya\.m2\repository\pmd\pmd\4.2.4\pmd-4.2.4.jar;C:\Users\chaitanya\.m2\repository\ant\ant\1.6\ant-1.6.jar;C:\Users\chaitanya\.m2\repository\jaxen\jaxen\1.1.1\jaxen-1.1.1.jar;C:\Users\chaitanya\.m2\repository\dom4j\dom4j\1.6.1\dom4j-1.6.1.jar;C:\Users\chaitanya\.m2\repository\jdom\jdom\1.0\jdom-1.0.jar;C:\Users\chaitanya\.m2\repository\xml-apis\xml-apis\1.3.02\xml-apis-1.3.02.jar;C:\Users\chaitanya\.m2\repository\xerces\xercesImpl\2.6.2\xercesImpl-2.6.2.jar;C:\Users\chaitanya\.m2\repository\xom\xom\1.0\xom-1.0.jar;C:\Users\chaitanya\.m2\repository\xerces\xmlParserAPIs\2.6.2\xmlParserAPIs-2.6.2.jar;C:\Users\chaitanya\.m2\repository\xalan\xalan\2.6.0\xalan-2.6.0.jar;C:\Users\chaitanya\.m2\repository\com\ibm\icu\icu4j\2.6.1\icu4j-2.6.1.jar;C:\Users\chaitanya\.m2\repository\asm\asm\3.1\asm-3.1.jar;C:\Users\chaitanya\.m2\repository\junit\junit\4.4\junit-4.4.jar;C:\Users\chaitanya\.m2\repository\org\slf4j\slf4j-api\1.8.0-beta2\slf4j-api-1.8.0-beta2.jar;C:\Users\chaitanya\.m2\repository\org\slf4j\slf4j-jdk14\1.8.0-beta2\slf4j-jdk14-1.8.0-beta2.jar;C:\Users\chaitanya\.m2\repository\oracle\ojdbc6\11.2.0.3\ojdbc6-11.2.0.3.jar;C:\Users\chaitanya\.m2\repository\com\sikulix\sikulixapi\1.1.2\sikulixapi-1.1.2.jar;C:\Users\chaitanya\.m2\repository\commons-cli\commons-cli\1.2\commons-cli-1.2.jar;C:\Users\chaitanya\.m2\repository\org\apache\commons\commons-exec\1.3\commons-exec-1.3.jar;C:\Users\chaitanya\.m2\repository\commons-net\commons-net\3.4\commons-net-3.4.jar;C:\Users\chaitanya\.m2\repository\com\github\tulskiy\jkeymaster\1.2\jkeymaster-1.2.jar;C:\Users\chaitanya\.m2\repository\net\java\dev\jna\jna\4.2.1\jna-4.2.1.jar;C:\Users\chaitanya\.m2\repository\org\slf4j\slf4j-nop\1.7.25\slf4j-nop-1.7.25.jar;C:\Users\chaitanya\.m2\repository\com\melloware\jintellitype\1.3.7\jintellitype-1.3.7.jar;C:\Users\chaitanya\.m2\repository\com\nativelibs4java\bridj\0.7.0\bridj-0.7.0.jar;C:\Users\chaitanya\.m2\repository\com\google\android\tools\dx\1.7\dx-1.7.jar;C:\Users\chaitanya\.m2\repository\com\sikulix\sikulixlibswin\1.1.1\sikulixlibswin-1.1.1.jar;C:\Users\chaitanya\.m2\repository\com\sikulix\sikulix2tigervnc\2.0.0-SNAPSHOT\sikulix2tigervnc-2.0.0-SNAPSHOT.jar;C:\Users\chaitanya\.m2\repository\com\microsoft\sqlserver\mssql-jdbc\7.2.1.jre8\mssql-jdbc-7.2.1.jre8.jar;C:\Users\chaitanya\.m2\repository\mysql\mysql-connector-java\8.0.15\mysql-connector-java-8.0.15.jar;C:\Users\chaitanya\.m2\repository\com\google\protobuf\protobuf-java\3.6.1\protobuf-java-3.6.1.jar;C:\Users\chaitanya\.m2\repository\org\springframework\spring-jms\4.3.2.RELEASE\spring-jms-4.3.2.RELEASE.jar;C:\Users\chaitanya\.m2\repository\org\springframework\spring-aop\4.3.2.RELEASE\spring-aop-4.3.2.RELEASE.jar;C:\Users\chaitanya\.m2\repository\org\springframework\spring-beans\4.3.2.RELEASE\spring-beans-4.3.2.RELEASE.jar;C:\Users\chaitanya\.m2\repository\org\springframework\spring-context\4.3.2.RELEASE\spring-context-4.3.2.RELEASE.jar;C:\Users\chaitanya\.m2\repository\org\springframework\spring-expression\4.3.2.RELEASE\spring-expression-4.3.2.RELEASE.jar;C:\Users\chaitanya\.m2\repository\org\springframework\spring-core\4.3.2.RELEASE\spring-core-4.3.2.RELEASE.jar;C:\Users\chaitanya\.m2\repository\org\springframework\spring-messaging\4.3.2.RELEASE\spring-messaging-4.3.2.RELEASE.jar;C:\Users\chaitanya\.m2\repository\org\springframework\spring-tx\4.3.2.RELEASE\spring-tx-4.3.2.RELEASE.jar;C:\Users\chaitanya\.m2\repository\org\apache\activemq\activemq-spring\5.14.0\activemq-spring-5.14.0.jar;C:\Users\chaitanya\.m2\repository\org\apache\xbean\xbean-spring\3.18\xbean-spring-3.18.jar;C:\Users\chaitanya\.m2\repository\org\apache\activemq\activemq-pool\5.14.0\activemq-pool-5.14.0.jar;C:\Users\chaitanya\.m2\repository\org\apache\activemq\activemq-jms-pool\5.14.0\activemq-jms-pool-5.14.0.jar;C:\Users\chaitanya\.m2\repository\org\apache\geronimo\specs\geronimo-jta_1.0.1B_spec\1.0.1\geronimo-jta_1.0.1B_spec-1.0.1.jar;C:\Users\chaitanya\.m2\repository\org\apache\commons\commons-pool2\2.4.2\commons-pool2-2.4.2.jar;C:\Users\chaitanya\.m2\repository\org\apache\activemq\activemq-all\5.14.5\activemq-all-5.14.5.jar;C:\Users\chaitanya\.m2\repository\org\jsoup\jsoup\1.11.3\jsoup-1.11.3.jar;C:\Users\chaitanya\.m2\repository\org\apache\poi\poi\3.17\poi-3.17.jar;C:\Users\chaitanya\.m2\repository\org\apache\commons\commons-collections4\4.1\commons-collections4-4.1.jar;C:\Users\chaitanya\.m2\repository\org\apache\activemq\activemq-broker\5.15.3\activemq-broker-5.15.3.jar;C:\Users\chaitanya\.m2\repository\org\apache\activemq\activemq-client\5.15.3\activemq-client-5.15.3.jar;C:\Users\chaitanya\.m2\repository\org\apache\geronimo\specs\geronimo-jms_1.1_spec\1.1.1\geronimo-jms_1.1_spec-1.1.1.jar;C:\Users\chaitanya\.m2\repository\org\fusesource\hawtbuf\hawtbuf\1.11\hawtbuf-1.11.jar;C:\Users\chaitanya\.m2\repository\org\apache\geronimo\specs\geronimo-j2ee-management_1.1_spec\1.0.1\geronimo-j2ee-management_1.1_spec-1.0.1.jar;C:\Users\chaitanya\.m2\repository\org\apache\activemq\activemq-openwire-legacy\5.15.3\activemq-openwire-legacy-5.15.3.jar;C:\Users\chaitanya\.m2\repository\org\seleniumhq\selenium\selenium-server\2.53.0\selenium-server-2.53.0.jar;C:\Users\chaitanya\.m2\repository\com\beust\jcommander\1.48\jcommander-1.48.jar;C:\Users\chaitanya\.m2\repository\org\bouncycastle\bcprov-jdk15on\1.48\bcprov-jdk15on-1.48.jar;C:\Users\chaitanya\.m2\repository\org\bouncycastle\bcpkix-jdk15on\1.48\bcpkix-jdk15on-1.48.jar;C:\Users\chaitanya\.m2\repository\mx4j\mx4j-tools\3.0.1\mx4j-tools-3.0.1.jar;C:\Users\chaitanya\.m2\repository\org\seleniumhq\selenium\jetty-repacked\9.2.13.v20150730\jetty-repacked-9.2.13.v20150730.jar;C:\Users\chaitanya\.m2\repository\javax\servlet\javax.servlet-api\3.1.0\javax.servlet-api-3.1.0.jar;C:\Users\chaitanya\.m2\repository\org\seleniumhq\selenium\jetty-rc-repacked\5\jetty-rc-repacked-5.jar;C:\Users\chaitanya\.m2\repository\net\jcip\jcip-annotations\1.0\jcip-annotations-1.0.jar;C:\Users\chaitanya\.m2\repository\org\yaml\snakeyaml\1.8\snakeyaml-1.8.jar;C:\Users\chaitanya\.m2\repository\org\seleniumhq\selenium\selenium-java\3.7.1\selenium-java-3.7.1.jar;C:\Users\chaitanya\.m2\repository\org\seleniumhq\selenium\selenium-api\3.7.1\selenium-api-3.7.1.jar;C:\Users\chaitanya\.m2\repository\org\seleniumhq\selenium\selenium-chrome-driver\3.7.1\selenium-chrome-driver-3.7.1.jar;C:\Users\chaitanya\.m2\repository\org\seleniumhq\selenium\selenium-edge-driver\3.7.1\selenium-edge-driver-3.7.1.jar;C:\Users\chaitanya\.m2\repository\org\seleniumhq\selenium\selenium-firefox-driver\3.7.1\selenium-firefox-driver-3.7.1.jar;C:\Users\chaitanya\.m2\repository\org\seleniumhq\selenium\selenium-ie-driver\3.7.1\selenium-ie-driver-3.7.1.jar;C:\Users\chaitanya\.m2\repository\org\seleniumhq\selenium\selenium-opera-driver\3.7.1\selenium-opera-driver-3.7.1.jar;C:\Users\chaitanya\.m2\repository\org\seleniumhq\selenium\selenium-remote-driver\3.7.1\selenium-remote-driver-3.7.1.jar;C:\Users\chaitanya\.m2\repository\org\seleniumhq\selenium\selenium-safari-driver\3.7.1\selenium-safari-driver-3.7.1.jar;C:\Users\chaitanya\.m2\repository\org\seleniumhq\selenium\selenium-support\3.7.1\selenium-support-3.7.1.jar;C:\Users\chaitanya\.m2\repository\net\bytebuddy\byte-buddy\1.7.5\byte-buddy-1.7.5.jar;C:\Users\chaitanya\.m2\repository\com\google\code\gson\gson\2.8.2\gson-2.8.2.jar;C:\Users\chaitanya\.m2\repository\javax\jms\javax.jms-api\2.0\javax.jms-api-2.0.jar;C:\Users\chaitanya\.m2\repository\com\google\guava\guava\23.6-jre\guava-23.6-jre.jar;C:\Users\chaitanya\.m2\repository\com\google\code\findbugs\jsr305\1.3.9\jsr305-1.3.9.jar;C:\Users\chaitanya\.m2\repository\org\checkerframework\checker-compat-qual\2.0.0\checker-compat-qual-2.0.0.jar;C:\Users\chaitanya\.m2\repository\com\google\errorprone\error_prone_annotations\2.1.3\error_prone_annotations-2.1.3.jar;C:\Users\chaitanya\.m2\repository\com\google\j2objc\j2objc-annotations\1.1\j2objc-annotations-1.1.jar;C:\Users\chaitanya\.m2\repository\org\codehaus\mojo\animal-sniffer-annotations\1.14\animal-sniffer-annotations-1.14.jar;C:\Users\chaitanya\.m2\repository\org\apache\httpcomponents\httpcore\4.4.8\httpcore-4.4.8.jar;C:\Users\chaitanya\.m2\repository\org\apache\poi\poi-ooxml\3.17\poi-ooxml-3.17.jar;C:\Users\chaitanya\.m2\repository\org\apache\poi\poi-ooxml-schemas\3.17\poi-ooxml-schemas-3.17.jar;C:\Users\chaitanya\.m2\repository\org\apache\xmlbeans\xmlbeans\2.6.0\xmlbeans-2.6.0.jar;C:\Users\chaitanya\.m2\repository\stax\stax-api\1.0.1\stax-api-1.0.1.jar;C:\Users\chaitanya\.m2\repository\com\github\virtuald\curvesapi\1.04\curvesapi-1.04.jar;C:\Users\chaitanya\.m2\repository\org\apache\pdfbox\pdfbox\2.0.9\pdfbox-2.0.9.jar;C:\Users\chaitanya\.m2\repository\org\apache\pdfbox\fontbox\2.0.9\fontbox-2.0.9.jar;C:\Users\chaitanya\.m2\repository\org\json\json\20180130\json-20180130.jar;C:\Users\chaitanya\.m2\repository\com\googlecode\json-simple\json-simple\1.1.1\json-simple-1.1.1.jar;C:\Users\chaitanya\.m2\repository\com\fasterxml\jackson\core\jackson-databind\2.9.5\jackson-databind-2.9.5.jar;C:\Users\chaitanya\.m2\repository\com\fasterxml\jackson\core\jackson-annotations\2.9.0\jackson-annotations-2.9.0.jar;C:\Users\chaitanya\.m2\repository\com\fasterxml\jackson\core\jackson-core\2.9.5\jackson-core-2.9.5.jar;C:\Users\chaitanya\.m2\repository\org\skyscreamer\jsonassert\1.2.3\jsonassert-1.2.3.jar;C:\Users\chaitanya\.m2\repository\org\testng\testng\6.9.4\testng-6.9.4.jar;C:\Users\chaitanya\.m2\repository\org\beanshell\bsh\2.0b4\bsh-2.0b4.jar;C:\Users\chaitanya\.m2\repository\ru\yandex\qatools\allure\allure-testng-adaptor\1.4.16\allure-testng-adaptor-1.4.16.jar;C:\Users\chaitanya\.m2\repository\ru\yandex\qatools\allure\allure-java-aspects\1.4.16\allure-java-aspects-1.4.16.jar;C:\Users\chaitanya\.m2\repository\ru\yandex\qatools\allure\allure-java-adaptor-api\1.4.16\allure-java-adaptor-api-1.4.16.jar;C:\Users\chaitanya\.m2\repository\ru\yandex\qatools\allure\allure-java-annotations\1.4.16\allure-java-annotations-1.4.16.jar;C:\Users\chaitanya\.m2\repository\ru\yandex\qatools\allure\allure-model\1.4.16\allure-model-1.4.16.jar;C:\Users\chaitanya\.m2\repository\org\jvnet\jaxb2_commons\jaxb2-basics-runtime\0.9.3\jaxb2-basics-runtime-0.9.3.jar;C:\Users\chaitanya\.m2\repository\ru\yandex\qatools\properties\properties-loader\1.5\properties-loader-1.5.jar;C:\Users\chaitanya\.m2\repository\commons-beanutils\commons-beanutils-core\1.8.3\commons-beanutils-core-1.8.3.jar;C:\Users\chaitanya\.m2\repository\org\apache\tika\tika-core\1.7\tika-core-1.7.jar;C:\Users\chaitanya\.m2\repository\org\aspectj\aspectjrt\1.8.3\aspectjrt-1.8.3.jar;C:\Users\chaitanya\.m2\repository\org\aspectj\aspectjweaver\1.8.5\aspectjweaver-1.8.5.jar;"/>
    <property name="java.vm.specification.version" value="1.8"/>
    <property name="sun.arch.data.model" value="64"/>
    <property name="java.home" value="C:\Program Files\Java\jdk1.8.0_191\jre"/>
    <property name="sun.java.command" value="C:\Users\CHAITA~1\AppData\Local\Temp\surefirebooter6759285487515790014.jar C:\Users\CHAITA~1\AppData\Local\Temp\surefire6064156478281207533tmp C:\Users\CHAITA~1\AppData\Local\Temp\surefire5461056086483174006tmp"/>
    <property name="java.specification.vendor" value="Oracle Corporation"/>
    <property name="user.language" value="en"/>
    <property name="awt.toolkit" value="sun.awt.windows.WToolkit"/>
    <property name="java.vm.info" value="mixed mode"/>
    <property name="java.version" value="1.8.0_191"/>
    <property name="java.ext.dirs" value="C:\Program Files\Java\jdk1.8.0_191\jre\lib\ext;C:\Windows\Sun\Java\lib\ext"/>
    <property name="sun.boot.class.path" value="C:\Program Files\Java\jdk1.8.0_191\jre\lib\resources.jar;C:\Program Files\Java\jdk1.8.0_191\jre\lib\rt.jar;C:\Program Files\Java\jdk1.8.0_191\jre\lib\sunrsasign.jar;C:\Program Files\Java\jdk1.8.0_191\jre\lib\jsse.jar;C:\Program Files\Java\jdk1.8.0_191\jre\lib\jce.jar;C:\Program Files\Java\jdk1.8.0_191\jre\lib\charsets.jar;C:\Program Files\Java\jdk1.8.0_191\jre\lib\jfr.jar;C:\Program Files\Java\jdk1.8.0_191\jre\classes"/>
    <property name="java.vendor" value="Oracle Corporation"/>
    <property name="localRepository" value="C:\Users\chaitanya\.m2\repository"/>
    <property name="file.separator" value="\"/>
    <property name="java.vendor.url.bug" value="http://bugreport.sun.com/bugreport/"/>
    <property name="sun.cpu.endian" value="little"/>
    <property name="sun.io.unicode.encoding" value="UnicodeLittle"/>
    <property name="sun.desktop" value="windows"/>
    <property name="sun.cpu.isalist" value="amd64"/>
  </properties>
  <testcase classname="com.runner.test.TestEvents" name="WOPHierarchyCreationTest" time="0.045"/>
  <testcase classname="com.runner.test.TestEvents" name="MPHierarchyCreationTest" time="0.004"/>
  <testcase classname="com.runner.test.TestEvents" name="MediatorHierarchyCreationTest" time="0.003"/>
</testsuite>