<?xml version="1.0" encoding="UTF-8"?>
<testsuite name="TestSuite" time="370.725" tests="7" errors="0" skipped="6" failures="1">
  <properties>
    <property name="java.runtime.name" value="Java(TM) SE Runtime Environment"/>
    <property name="sun.boot.library.path" value="C:\Program Files\Java\jdk1.8.0_191\jre\bin"/>
    <property name="java.vm.version" value="25.191-b12"/>
    <property name="java.vm.vendor" value="Oracle Corporation"/>
    <property name="maven.multiModuleProjectDirectory" value="C:\Users\chaitanya\eclipse-workspace\AMCSmokeTest"/>
    <property name="java.vendor.url" value="http://java.oracle.com/"/>
    <property name="path.separator" value=";"/>
    <property name="guice.disable.misplaced.annotation.check" value="true"/>
    <property name="java.vm.name" value="Java HotSpot(TM) 64-Bit Server VM"/>
    <property name="file.encoding.pkg" value="sun.io"/>
    <property name="user.script" value=""/>
    <property name="user.country" value="IN"/>
    <property name="sun.java.launcher" value="SUN_STANDARD"/>
    <property name="sun.os.patch.level" value=""/>
    <property name="java.vm.specification.name" value="Java Virtual Machine Specification"/>
    <property name="user.dir" value="C:\Users\chaitanya\eclipse-workspace\AMCSmokeTest"/>
    <property name="java.runtime.version" value="1.8.0_191-b12"/>
    <property name="java.awt.graphicsenv" value="sun.awt.Win32GraphicsEnvironment"/>
    <property name="java.endorsed.dirs" value="C:\Program Files\Java\jdk1.8.0_191\jre\lib\endorsed"/>
    <property name="os.arch" value="amd64"/>
    <property name="java.io.tmpdir" value="C:\Users\CHAITA~1\AppData\Local\Temp\"/>
    <property name="line.separator" value="&#10;"/>
    <property name="java.vm.specification.vendor" value="Oracle Corporation"/>
    <property name="user.variant" value=""/>
    <property name="os.name" value="Windows 10"/>
    <property name="classworlds.conf" value="C:\Users\chaitanya\eclipse-workspace\.metadata\.plugins\org.eclipse.m2e.launching\launches\m2conf1334937969923515485.tmp"/>
    <property name="sun.jnu.encoding" value="Cp1252"/>
    <property name="java.library.path" value="C:\Program Files\Java\jdk1.8.0_191\bin;C:\Windows\Sun\Java\bin;C:\Windows\system32;C:\Windows;C:/Program Files/Java/jre1.8.0_191/bin/server;C:/Program Files/Java/jre1.8.0_191/bin;C:/Program Files/Java/jre1.8.0_191/lib/amd64;C:\Program Files (x86)\Common Files\Oracle\Java\javapath;C:\Program Files (x86)\Intel\Intel(R) Management Engine Components\iCLS\;C:\Program Files\Intel\Intel(R) Management Engine Components\iCLS\;C:\Windows\system32;C:\Windows;C:\Windows\System32\Wbem;C:\Windows\System32\WindowsPowerShell\v1.0\;C:\Windows\System32\OpenSSH\;C:\Program Files (x86)\Intel\Intel(R) Management Engine Components\DAL;C:\Program Files\Intel\Intel(R) Management Engine Components\DAL;C:\Program Files (x86)\Intel\Intel(R) Management Engine Components\IPT;C:\Program Files\Intel\Intel(R) Management Engine Components\IPT;C:\Program Files\Java\jdk1.8.0_191\bin;C:\Program Files\Java\jre1.8.0_191\bin;D:\AutomationPrerequisites\apache-maven-3.5.4-bin\apache-maven-3.5.4\bin;C:\Program Files\Git\cmd;C:\Program Files (x86)\Microsoft SQL Server\Client SDK\ODBC\130\Tools\Binn\;C:\Program Files (x86)\Microsoft SQL Server\140\Tools\Binn\;C:\Program Files (x86)\Microsoft SQL Server\140\DTS\Binn\;C:\Program Files (x86)\Microsoft SQL Server\140\Tools\Binn\ManagementStudio\;C:\Users\chaitanya\AppData\Local\Microsoft\WindowsApps;C:\Users\chaitanya\AppData\Local\GitHubDesktop\bin;D:\AMC\Eclipse\eclipse;;."/>
    <property name="java.specification.name" value="Java Platform API Specification"/>
    <property name="java.class.version" value="52.0"/>
    <property name="sun.management.compiler" value="HotSpot 64-Bit Tiered Compilers"/>
    <property name="os.version" value="10.0"/>
    <property name="user.home" value="C:\Users\chaitanya"/>
    <property name="user.timezone" value="Asia/Calcutta"/>
    <property name="java.awt.printerjob" value="sun.awt.windows.WPrinterJob"/>
    <property name="java.specification.version" value="1.8"/>
    <property name="file.encoding" value="Cp1252"/>
    <property name="user.name" value="chaitanya"/>
    <property name="java.class.path" value="D:\AMC\Eclipse\eclipse\plugins\org.eclipse.m2e.maven.runtime_1.8.3.20180227-2135\jars\plexus-classworlds-2.5.2.jar"/>
    <property name="java.vm.specification.version" value="1.8"/>
    <property name="sun.arch.data.model" value="64"/>
    <property name="java.home" value="C:\Program Files\Java\jdk1.8.0_191\jre"/>
    <property name="sun.java.command" value="org.codehaus.plexus.classworlds.launcher.Launcher -B clean test site"/>
    <property name="java.specification.vendor" value="Oracle Corporation"/>
    <property name="user.language" value="en"/>
    <property name="awt.toolkit" value="sun.awt.windows.WToolkit"/>
    <property name="java.vm.info" value="mixed mode"/>
    <property name="java.version" value="1.8.0_191"/>
    <property name="java.ext.dirs" value="C:\Program Files\Java\jdk1.8.0_191\jre\lib\ext;C:\Windows\Sun\Java\lib\ext"/>
    <property name="sun.boot.class.path" value="C:\Program Files\Java\jdk1.8.0_191\jre\lib\resources.jar;C:\Program Files\Java\jdk1.8.0_191\jre\lib\rt.jar;C:\Program Files\Java\jdk1.8.0_191\jre\lib\sunrsasign.jar;C:\Program Files\Java\jdk1.8.0_191\jre\lib\jsse.jar;C:\Program Files\Java\jdk1.8.0_191\jre\lib\jce.jar;C:\Program Files\Java\jdk1.8.0_191\jre\lib\charsets.jar;C:\Program Files\Java\jdk1.8.0_191\jre\lib\jfr.jar;C:\Program Files\Java\jdk1.8.0_191\jre\classes"/>
    <property name="java.vendor" value="Oracle Corporation"/>
    <property name="maven.home" value="C:\Users\chaitanya\eclipse-workspace\AMCSmokeTest\EMBEDDED"/>
    <property name="file.separator" value="\"/>
    <property name="java.vendor.url.bug" value="http://bugreport.sun.com/bugreport/"/>
    <property name="sun.cpu.endian" value="little"/>
    <property name="sun.io.unicode.encoding" value="UnicodeLittle"/>
    <property name="sun.desktop" value="windows"/>
    <property name="sun.cpu.isalist" value="amd64"/>
  </properties>
  <testcase name="connectESBDatabaseTest" classname="com.runner.test.TestEvents" time="370.725">
    <failure message="Java heap space" type="java.lang.OutOfMemoryError">java.lang.OutOfMemoryError: Java heap space
	at java.util.Arrays.copyOf(Arrays.java:3332)
	at java.lang.AbstractStringBuilder.ensureCapacityInternal(AbstractStringBuilder.java:124)
	at java.lang.AbstractStringBuilder.append(AbstractStringBuilder.java:448)
	at java.lang.StringBuilder.append(StringBuilder.java:136)
	at java.lang.StringBuilder.append(StringBuilder.java:131)
	at java.util.AbstractCollection.toString(AbstractCollection.java:462)
	at com.cmstestbase.test.CMSTestBase.ConnectToESBDatabase(CMSTestBase.java:471)
	at com.cmstestbase.test.CMSTestBase.ConnectDBandExecuteESBQuery(CMSTestBase.java:331)
	at com.utils.test.Utility.connectToEsbDatabase(Utility.java:19)
	at com.runner.test.TestEvents.connectESBDatabaseTest(TestEvents.java:23)
</failure>
    <system-out>{CMSNVFieldValidationsWithMPTest=18315, MediatorHierarchyValidationTest=17405, WOPHierarchyValidationTest=17399, CMSNVFieldValidationsWithWOPTest=18314, MPHierarchyValidationTest=17404, simpleTest=1}
Started Smkoe Test for CMSNV
ChromeDriver: chrome on XP (ce642bfdaba5a5878779124be359f5d9)
ChromeDriver: chrome on XP (ce642bfdaba5a5878779124be359f5d9)
[log] CLICK on L(860,172)@S(0)[0,0 1366x768] (537 msec)
[log] CLICK on L(118,706)@S(0)[0,0 1366x768] (540 msec)
[log] CLICK on L(706,408)@S(0)[0,0 1366x768] (545 msec)
[log]  TYPE "Welcome@123"
[log] CLICK on L(753,445)@S(0)[0,0 1366x768] (525 msec)
[log] CLICK on L(596,454)@S(0)[0,0 1366x768] (530 msec)
[log] CLICK on L(105,663)@S(0)[0,0 1366x768] (542 msec)
[log]  TYPE "FD105792"
[log] CLICK on L(520,101)@S(0)[0,0 1366x768] (536 msec)
[log] CLICK on L(98,279)@S(0)[0,0 1366x768] (524 msec)
[log] Ctrl+Alt Graph+Button1+CLICK on L(894,224)@S(0)[0,0 1366x768] (560 msec)
[log] CLICK on L(894,224)@S(0)[0,0 1366x768] (539 msec)
[log] Alt+Alt Graph+CLICK on L(303,386)@S(0)[0,0 1366x768] (547 msec)
[log] CLICK on L(303,386)@S(0)[0,0 1366x768] (543 msec)
[log] CLICK on L(795,406)@S(0)[0,0 1366x768] (528 msec)
[log] CLICK on L(274,334)@S(0)[0,0 1366x768] (533 msec)
Unparseable date: "51171201980312"
[log] CLICK on L(155,132)@S(0)[0,0 1366x768] (540 msec)
[log] CLICK on L(911,607)@S(0)[0,0 1366x768] (533 msec)
[log] CLICK on L(793,406)@S(0)[0,0 1366x768] (523 msec)
[log] CLICK on L(992,520)@S(0)[0,0 1366x768] (525 msec)
[log] CLICK on L(1337,11)@S(0)[0,0 1366x768] (540 msec)
******************************
FD105792

Driver Loaded
ConnectionID:1 ClientConnectionId: 88ec32a7-7faa-491b-ab99-913eb4ccc22d
Connection successfullSQLServerStatement:1
</system-out>
    <system-err>Starting ChromeDriver 2.46.628402 (536cd7adbad73a3783fdc2cab92ab2ba7ec361e1) on port 6816
Only local connections are allowed.
Please protect ports used by ChromeDriver and related test frameworks to prevent access by malicious code.
May 17, 2019 5:31:23 PM org.openqa.selenium.remote.ProtocolHandshake createSession
INFO: Detected dialect: OSS
</system-err>
  </testcase>
  <testcase name="WOPHierarchyValidationTest" classname="com.runner.test.TestEvents" time="0">
    <skipped/>
  </testcase>
  <testcase name="MPHierarchyValidationTest" classname="com.runner.test.TestEvents" time="0">
    <skipped/>
  </testcase>
  <testcase name="MediatorHierarchyValidationTest" classname="com.runner.test.TestEvents" time="0">
    <skipped/>
  </testcase>
  <testcase name="CMSNVFieldValidationsWithWOPTest" classname="com.runner.test.TestEvents" time="0">
    <skipped/>
  </testcase>
  <testcase name="CMSNVFieldValidationsWithMPTest" classname="com.runner.test.TestEvents" time="0">
    <skipped/>
  </testcase>
  <testcase name="closingbrowser" classname="com.runner.test.TestEvents" time="0">
    <skipped/>
  </testcase>
</testsuite>