<?xml version="1.0" encoding="UTF-8"?>
<!-- Generated by org.testng.reporters.JUnitReportReporter -->
<testsuite hostname="MONO-HYD-LAP-41" name="com.cmsrunner.test.CMSTestCases" tests="1" failures="0" timestamp="18 Mar 2019 09:48:15 GMT" time="208.868" errors="0">
  <testcase name="connectESBDatabase" time="208.868" classname="com.cmsrunner.test.CMSTestCases"/>
</testsuite> <!-- com.cmsrunner.test.CMSTestCases -->
