<?xml version="1.0" encoding="UTF-8"?>
<!-- Generated by org.testng.reporters.JUnitReportReporter -->
<testsuite hostname="MONO-HYD-LAP-41" name="com.runner.test.TestEvents" tests="3" failures="0" timestamp="9 May 2019 05:44:08 GMT" time="0.037" errors="0">
  <testcase name="MediatorHierarchyCreationTest" time="0.000" classname="com.runner.test.TestEvents"/>
  <testcase name="WOPHierarchyCreationTest" time="0.024" classname="com.runner.test.TestEvents"/>
  <testcase name="MPHierarchyCreationTest" time="0.013" classname="com.runner.test.TestEvents"/>
</testsuite> <!-- com.runner.test.TestEvents -->
